  [1m[35m (0.3ms)[0m  [1m[35mCREATE TABLE "schema_migrations" ("version" varchar NOT NULL PRIMARY KEY) /*application='YemekListesiApp'*/[0m
  [1m[35m (0.1ms)[0m  [1m[35mCREATE TABLE "ar_internal_metadata" ("key" varchar NOT NULL PRIMARY KEY, "value" varchar, "created_at" datetime(6) NOT NULL, "updated_at" datetime(6) NOT NULL) /*application='YemekListesiApp'*/[0m
  [1m[36mActiveRecord::InternalMetadata Load (0.1ms)[0m  [1m[34mSELECT * FROM "ar_internal_metadata" WHERE "ar_internal_metadata"."key" = 'environment' ORDER BY "ar_internal_metadata"."key" ASC LIMIT 1 /*application='YemekListesiApp'*/[0m
  [1m[36mActiveRecord::InternalMetadata Create (0.3ms)[0m  [1m[32mINSERT INTO "ar_internal_metadata" ("key", "value", "created_at", "updated_at") VALUES ('environment', 'development', '2025-02-03 12:47:24.606794', '2025-02-03 12:47:24.606796') RETURNING "key" /*application='YemekListesiApp'*/[0m
  [1m[36mActiveRecord::SchemaMigration Load (0.0ms)[0m  [1m[34mSELECT "schema_migrations"."version" FROM "schema_migrations" ORDER BY "schema_migrations"."version" ASC /*application='YemekListesiApp'*/[0m
Migrating to CreateMeals (20250203124719)
  [1m[36mTRANSACTION (0.0ms)[0m  [1m[35mBEGIN immediate TRANSACTION /*application='YemekListesiApp'*/[0m
  [1m[35m (0.7ms)[0m  [1m[35mCREATE TABLE "meals" ("id" integer PRIMARY KEY AUTOINCREMENT NOT NULL, "day" integer, "breakfast" varchar, "lunch" varchar, "dinner" varchar, "created_at" datetime(6) NOT NULL, "updated_at" datetime(6) NOT NULL) /*application='YemekListesiApp'*/[0m
  [1m[36mActiveRecord::SchemaMigration Create (0.0ms)[0m  [1m[32mINSERT INTO "schema_migrations" ("version") VALUES ('20250203124719') RETURNING "version" /*application='YemekListesiApp'*/[0m
  [1m[36mTRANSACTION (0.1ms)[0m  [1m[35mCOMMIT TRANSACTION /*application='YemekListesiApp'*/[0m
  [1m[36mActiveRecord::SchemaMigration Load (0.0ms)[0m  [1m[34mSELECT "schema_migrations"."version" FROM "schema_migrations" ORDER BY "schema_migrations"."version" ASC /*application='YemekListesiApp'*/[0m
  [1m[36mTRANSACTION (0.0ms)[0m  [1m[35mBEGIN immediate TRANSACTION /*application='YemekListesiApp'*/[0m
  [1m[36mMeal Create (0.8ms)[0m  [1m[32mINSERT INTO "meals" ("day", "breakfast", "lunch", "dinner", "created_at", "updated_at") VALUES (1, 'Zeytin, peynir, bal', 'Kuru fasulye, pilav', 'Izgara köfte, salata', '2025-02-03 12:49:01.602722', '2025-02-03 12:49:01.602722') RETURNING "id" /*application='YemekListesiApp'*/[0m
  [1m[36mTRANSACTION (0.2ms)[0m  [1m[35mCOMMIT TRANSACTION /*application='YemekListesiApp'*/[0m
  [1m[36mTRANSACTION (0.0ms)[0m  [1m[35mBEGIN immediate TRANSACTION /*application='YemekListesiApp'*/[0m
  [1m[36mMeal Create (0.2ms)[0m  [1m[32mINSERT INTO "meals" ("day", "breakfast", "lunch", "dinner", "created_at", "updated_at") VALUES (2, 'Omlet, domates, salatalık', 'Tavuk sote, makarna', 'Balık, mevsim salata', '2025-02-03 12:49:01.604759', '2025-02-03 12:49:01.604759') RETURNING "id" /*application='YemekListesiApp'*/[0m
  [1m[36mTRANSACTION (0.0ms)[0m  [1m[35mCOMMIT TRANSACTION /*application='YemekListesiApp'*/[0m
Started GET "/" for 127.0.0.1 at 2025-02-03 15:49:12 +0300
  [1m[36mActiveRecord::SchemaMigration Load (0.1ms)[0m  [1m[34mSELECT "schema_migrations"."version" FROM "schema_migrations" ORDER BY "schema_migrations"."version" ASC /*application='YemekListesiApp'*/[0m
Processing by MealsController#index as HTML
  [1m[36mMeal Load (0.1ms)[0m  [1m[34mSELECT "meals".* FROM "meals" WHERE "meals"."day" = 3 LIMIT 1 /*action='index',application='YemekListesiApp',controller='meals'*/[0m
  ↳ app/controllers/meals_controller.rb:4:in `index'
  Rendering layout layouts/application.html.erb
  Rendering meals/index.html.erb within layouts/application
  Rendered meals/index.html.erb within layouts/application (Duration: 0.7ms | GC: 0.0ms)
  Rendered layout layouts/application.html.erb (Duration: 7.0ms | GC: 0.0ms)
Completed 200 OK in 92ms (Views: 12.8ms | ActiveRecord: 0.8ms (1 query, 0 cached) | GC: 1.0ms)


Started GET "/" for 127.0.0.1 at 2025-02-03 15:51:51 +0300
  [1m[36mActiveRecord::SchemaMigration Load (0.1ms)[0m  [1m[34mSELECT "schema_migrations"."version" FROM "schema_migrations" ORDER BY "schema_migrations"."version" ASC /*application='YemekListesiApp'*/[0m
Processing by MealsController#index as HTML
  [1m[36mMeal Load (0.0ms)[0m  [1m[34mSELECT "meals".* FROM "meals" WHERE "meals"."day" = 3 LIMIT 1 /*action='index',application='YemekListesiApp',controller='meals'*/[0m
  ↳ app/controllers/meals_controller.rb:4:in `index'
  Rendering layout layouts/application.html.erb
  Rendering meals/index.html.erb within layouts/application
  Rendered meals/index.html.erb within layouts/application (Duration: 0.3ms | GC: 0.0ms)
  Rendered layout layouts/application.html.erb (Duration: 14.1ms | GC: 0.8ms)
Completed 200 OK in 84ms (Views: 15.7ms | ActiveRecord: 0.7ms (1 query, 0 cached) | GC: 2.5ms)


